
*** Running vivado
    with args -log polynomial3.vds -m64 -product Vivado -mode batch -messageDb vivado.pb -notrace -source polynomial3.tcl


****** Vivado v2021.1 (64-bit)
  **** SW Build 3247384 on Thu Jun 10 19:36:07 MDT 2021
  **** IP Build 3246043 on Fri Jun 11 00:30:35 MDT 2021
    ** Copyright 1986-2021 Xilinx, Inc. All Rights Reserved.

source polynomial3.tcl -notrace
Command: synth_design -top polynomial3 -part xc7a200tfbg676-1 -retiming
Starting synth_design
Attempting to get a license for feature 'Synthesis' and/or device 'xc7a200t'
INFO: [Common 17-349] Got license for feature 'Synthesis' and/or device 'xc7a200t'
INFO: [Device 21-403] Loading part xc7a200tfbg676-1
INFO: [Synth 8-7079] Multithreading enabled for synth_design using a maximum of 4 processes.
INFO: [Synth 8-7078] Launching helper process for spawning children vivado processes
INFO: [Synth 8-7075] Helper process launched with PID 7515
---------------------------------------------------------------------------------
Starting RTL Elaboration : Time (s): cpu = 00:00:04 ; elapsed = 00:00:04 . Memory (MB): peak = 2480.945 ; gain = 0.000 ; free physical = 445 ; free virtual = 23598
---------------------------------------------------------------------------------
INFO: [Synth 8-638] synthesizing module 'polynomial3' [/home/ivan-arhipych/vivado/tasks/task_3/task_3.srcs/sources_1/new/polynomial3.vhd:41]
INFO: [Synth 8-256] done synthesizing module 'polynomial3' (1#1) [/home/ivan-arhipych/vivado/tasks/task_3/task_3.srcs/sources_1/new/polynomial3.vhd:41]
---------------------------------------------------------------------------------
Finished RTL Elaboration : Time (s): cpu = 00:00:05 ; elapsed = 00:00:05 . Memory (MB): peak = 2480.945 ; gain = 0.000 ; free physical = 302 ; free virtual = 23225
---------------------------------------------------------------------------------
---------------------------------------------------------------------------------
Start Handling Custom Attributes
---------------------------------------------------------------------------------
---------------------------------------------------------------------------------
Finished Handling Custom Attributes : Time (s): cpu = 00:00:06 ; elapsed = 00:00:06 . Memory (MB): peak = 2480.945 ; gain = 0.000 ; free physical = 291 ; free virtual = 23220
---------------------------------------------------------------------------------
---------------------------------------------------------------------------------
Finished RTL Optimization Phase 1 : Time (s): cpu = 00:00:06 ; elapsed = 00:00:06 . Memory (MB): peak = 2480.945 ; gain = 0.000 ; free physical = 291 ; free virtual = 23220
---------------------------------------------------------------------------------
Netlist sorting complete. Time (s): cpu = 00:00:00.02 ; elapsed = 00:00:00.01 . Memory (MB): peak = 2480.945 ; gain = 0.000 ; free physical = 1088 ; free virtual = 24017
INFO: [Project 1-570] Preparing netlist for logic optimization

Processing XDC Constraints
Initializing timing engine
Parsing XDC File [/home/ivan-arhipych/vivado/tasks/task_3/task_3.srcs/constrs_1/new/constr.xdc]
Finished Parsing XDC File [/home/ivan-arhipych/vivado/tasks/task_3/task_3.srcs/constrs_1/new/constr.xdc]
Completed Processing XDC Constraints

Netlist sorting complete. Time (s): cpu = 00:00:00 ; elapsed = 00:00:00 . Memory (MB): peak = 2512.832 ; gain = 0.000 ; free physical = 1035 ; free virtual = 23963
INFO: [Project 1-111] Unisim Transformation Summary:
No Unisim elements were transformed.

Constraint Validation Runtime : Time (s): cpu = 00:00:00.03 ; elapsed = 00:00:00.02 . Memory (MB): peak = 2512.832 ; gain = 0.000 ; free physical = 1035 ; free virtual = 23963
---------------------------------------------------------------------------------
Finished Constraint Validation : Time (s): cpu = 00:00:13 ; elapsed = 00:00:14 . Memory (MB): peak = 2512.832 ; gain = 31.887 ; free physical = 1089 ; free virtual = 24044
---------------------------------------------------------------------------------
---------------------------------------------------------------------------------
Start Loading Part and Timing Information
---------------------------------------------------------------------------------
Loading part: xc7a200tfbg676-1
---------------------------------------------------------------------------------
Finished Loading Part and Timing Information : Time (s): cpu = 00:00:13 ; elapsed = 00:00:14 . Memory (MB): peak = 2512.832 ; gain = 31.887 ; free physical = 1089 ; free virtual = 24044
---------------------------------------------------------------------------------
---------------------------------------------------------------------------------
Start Applying 'set_property' XDC Constraints
---------------------------------------------------------------------------------
---------------------------------------------------------------------------------
Finished applying 'set_property' XDC Constraints : Time (s): cpu = 00:00:13 ; elapsed = 00:00:14 . Memory (MB): peak = 2512.832 ; gain = 31.887 ; free physical = 1089 ; free virtual = 24044
---------------------------------------------------------------------------------
---------------------------------------------------------------------------------
Finished RTL Optimization Phase 2 : Time (s): cpu = 00:00:13 ; elapsed = 00:00:14 . Memory (MB): peak = 2512.832 ; gain = 31.887 ; free physical = 1088 ; free virtual = 24044
---------------------------------------------------------------------------------
---------------------------------------------------------------------------------
Start RTL Component Statistics 
---------------------------------------------------------------------------------
Detailed RTL Component Info : 
+---Adders : 
	   2 Input   32 Bit       Adders := 3     
+---Registers : 
	               32 Bit    Registers := 57    
	               16 Bit    Registers := 1     
+---Multipliers : 
	              32x32  Multipliers := 3     
---------------------------------------------------------------------------------
Finished RTL Component Statistics 
---------------------------------------------------------------------------------
---------------------------------------------------------------------------------
Start Part Resource Summary
---------------------------------------------------------------------------------
Part Resources:
DSPs: 740 (col length:100)
BRAMs: 730 (col length: RAMB18 100 RAMB36 50)
---------------------------------------------------------------------------------
Finished Part Resource Summary
---------------------------------------------------------------------------------
---------------------------------------------------------------------------------
Start Cross Boundary and Area Optimization
---------------------------------------------------------------------------------
DSP Report: Generating DSP multOp, operation Mode is: A2*B.
DSP Report: register multOp is absorbed into DSP multOp.
DSP Report: operator multOp is absorbed into DSP multOp.
DSP Report: operator multOp is absorbed into DSP multOp.
DSP Report: Generating DSP mult_reg[0], operation Mode is: (PCIN>>17)+A*B.
DSP Report: register mult_reg[0] is absorbed into DSP mult_reg[0].
DSP Report: operator multOp is absorbed into DSP mult_reg[0].
DSP Report: operator multOp is absorbed into DSP mult_reg[0].
DSP Report: Generating DSP multOp, operation Mode is: A2*B2.
DSP Report: register multOp is absorbed into DSP multOp.
DSP Report: register multOp is absorbed into DSP multOp.
DSP Report: operator multOp is absorbed into DSP multOp.
DSP Report: operator multOp is absorbed into DSP multOp.
DSP Report: Generating DSP mult_reg[0], operation Mode is: (PCIN>>17)+A2*B.
DSP Report: register mult_reg[0] is absorbed into DSP mult_reg[0].
DSP Report: register mult_reg[0] is absorbed into DSP mult_reg[0].
DSP Report: operator multOp is absorbed into DSP mult_reg[0].
DSP Report: operator multOp is absorbed into DSP mult_reg[0].
DSP Report: Generating DSP multOp, operation Mode is: A''*B2.
DSP Report: register result_reg[4] is absorbed into DSP multOp.
DSP Report: register multOp is absorbed into DSP multOp.
DSP Report: register multOp is absorbed into DSP multOp.
DSP Report: operator multOp is absorbed into DSP multOp.
DSP Report: operator multOp is absorbed into DSP multOp.
DSP Report: Generating DSP mult_reg[5], operation Mode is: (PCIN>>17)+A2*B''.
DSP Report: register poly_reg[4][4] is absorbed into DSP mult_reg[5].
DSP Report: register poly_reg[5][4] is absorbed into DSP mult_reg[5].
DSP Report: register result_reg[4] is absorbed into DSP mult_reg[5].
DSP Report: register mult_reg[5] is absorbed into DSP mult_reg[5].
DSP Report: operator multOp is absorbed into DSP mult_reg[5].
DSP Report: operator multOp is absorbed into DSP mult_reg[5].
DSP Report: Generating DSP multOp, operation Mode is: A2*B''.
DSP Report: register multOp is absorbed into DSP multOp.
DSP Report: register multOp is absorbed into DSP multOp.
DSP Report: register multOp is absorbed into DSP multOp.
DSP Report: operator multOp is absorbed into DSP multOp.
DSP Report: operator multOp is absorbed into DSP multOp.
DSP Report: Generating DSP mult_reg[5], operation Mode is: (PCIN>>17)+A2*B''.
DSP Report: register poly_reg[4][4] is absorbed into DSP mult_reg[5].
DSP Report: register poly_reg[5][4] is absorbed into DSP mult_reg[5].
DSP Report: register mult_reg[5] is absorbed into DSP mult_reg[5].
DSP Report: register mult_reg[5] is absorbed into DSP mult_reg[5].
DSP Report: operator multOp is absorbed into DSP mult_reg[5].
DSP Report: operator multOp is absorbed into DSP mult_reg[5].
DSP Report: Generating DSP multOp, operation Mode is: A''*B2.
DSP Report: register result_reg[9] is absorbed into DSP multOp.
DSP Report: register multOp is absorbed into DSP multOp.
DSP Report: register multOp is absorbed into DSP multOp.
DSP Report: operator multOp is absorbed into DSP multOp.
DSP Report: operator multOp is absorbed into DSP multOp.
DSP Report: Generating DSP mult_reg[10], operation Mode is: (PCIN>>17)+A2*B''.
DSP Report: register poly_reg[9][4] is absorbed into DSP mult_reg[10].
DSP Report: register poly_reg[10][4] is absorbed into DSP mult_reg[10].
DSP Report: register result_reg[9] is absorbed into DSP mult_reg[10].
DSP Report: register mult_reg[10] is absorbed into DSP mult_reg[10].
DSP Report: operator multOp is absorbed into DSP mult_reg[10].
DSP Report: operator multOp is absorbed into DSP mult_reg[10].
DSP Report: Generating DSP multOp, operation Mode is: A2*B''.
DSP Report: register multOp is absorbed into DSP multOp.
DSP Report: register multOp is absorbed into DSP multOp.
DSP Report: register multOp is absorbed into DSP multOp.
DSP Report: operator multOp is absorbed into DSP multOp.
DSP Report: operator multOp is absorbed into DSP multOp.
DSP Report: Generating DSP mult_reg[10], operation Mode is: (PCIN>>17)+A2*B''.
DSP Report: register poly_reg[9][4] is absorbed into DSP mult_reg[10].
DSP Report: register poly_reg[10][4] is absorbed into DSP mult_reg[10].
DSP Report: register mult_reg[10] is absorbed into DSP mult_reg[10].
DSP Report: register mult_reg[10] is absorbed into DSP mult_reg[10].
DSP Report: operator multOp is absorbed into DSP mult_reg[10].
DSP Report: operator multOp is absorbed into DSP mult_reg[10].
---------------------------------------------------------------------------------
Finished Cross Boundary and Area Optimization : Time (s): cpu = 00:00:16 ; elapsed = 00:00:17 . Memory (MB): peak = 2512.832 ; gain = 31.887 ; free physical = 1072 ; free virtual = 24026
---------------------------------------------------------------------------------
---------------------------------------------------------------------------------
Start ROM, RAM, DSP, Shift Register and Retiming Reporting
---------------------------------------------------------------------------------

DSP: Preliminary Mapping Report (see note below)
+------------+-------------------+--------+--------+--------+--------+--------+------+------+------+------+-------+------+------+
|Module Name | DSP Mapping       | A Size | B Size | C Size | D Size | P Size | AREG | BREG | CREG | DREG | ADREG | MREG | PREG | 
+------------+-------------------+--------+--------+--------+--------+--------+------+------+------+------+-------+------+------+
|polynomial3 | A2*B              | 18     | 16     | -      | -      | 48     | 1    | 0    | -    | -    | -     | 0    | 0    | 
|polynomial3 | (PCIN>>17)+A*B    | 16     | 16     | -      | -      | 48     | 0    | 0    | -    | -    | -     | 0    | 1    | 
|polynomial3 | A2*B2             | 18     | 18     | -      | -      | 48     | 1    | 1    | -    | -    | -     | 0    | 0    | 
|polynomial3 | (PCIN>>17)+A2*B   | 18     | 16     | -      | -      | 48     | 1    | 0    | -    | -    | -     | 0    | 1    | 
|polynomial3 | A''*B2            | 18     | 16     | -      | -      | 48     | 2    | 1    | -    | -    | -     | 0    | 0    | 
|polynomial3 | (PCIN>>17)+A2*B'' | 16     | 16     | -      | -      | 48     | 1    | 2    | -    | -    | -     | 0    | 1    | 
|polynomial3 | A2*B''            | 18     | 18     | -      | -      | 48     | 1    | 2    | -    | -    | -     | 0    | 0    | 
|polynomial3 | (PCIN>>17)+A2*B'' | 18     | 16     | -      | -      | 48     | 1    | 2    | -    | -    | -     | 0    | 1    | 
|polynomial3 | A''*B2            | 18     | 16     | -      | -      | 48     | 2    | 1    | -    | -    | -     | 0    | 0    | 
|polynomial3 | (PCIN>>17)+A2*B'' | 16     | 16     | -      | -      | 48     | 1    | 2    | -    | -    | -     | 0    | 1    | 
|polynomial3 | A2*B''            | 18     | 18     | -      | -      | 48     | 1    | 2    | -    | -    | -     | 0    | 0    | 
|polynomial3 | (PCIN>>17)+A2*B'' | 18     | 16     | -      | -      | 48     | 1    | 2    | -    | -    | -     | 0    | 1    | 
+------------+-------------------+--------+--------+--------+--------+--------+------+------+------+------+-------+------+------+

Note: The table above is a preliminary report that shows the DSPs inferred at the current stage of the synthesis flow. Some DSP may be reimplemented as non DSP primitives later in the synthesis flow. Multiple instantiated DSPs are reported only once.
---------------------------------------------------------------------------------
Finished ROM, RAM, DSP, Shift Register and Retiming Reporting
---------------------------------------------------------------------------------
---------------------------------------------------------------------------------
Start Applying XDC Timing Constraints
---------------------------------------------------------------------------------
---------------------------------------------------------------------------------
Finished Applying XDC Timing Constraints : Time (s): cpu = 00:00:25 ; elapsed = 00:00:26 . Memory (MB): peak = 2512.832 ; gain = 31.887 ; free physical = 898 ; free virtual = 23863
---------------------------------------------------------------------------------
---------------------------------------------------------------------------------
Start Timing Optimization
---------------------------------------------------------------------------------
---------------------------------------------------------------------------------
Finished Timing Optimization : Time (s): cpu = 00:00:25 ; elapsed = 00:00:26 . Memory (MB): peak = 2512.832 ; gain = 31.887 ; free physical = 897 ; free virtual = 23858
---------------------------------------------------------------------------------
---------------------------------------------------------------------------------
Start Technology Mapping
---------------------------------------------------------------------------------
INFO: [Synth 8-5816] Retiming module `polynomial3`
	Numbers of forward move = 0, and backward move = 0


INFO: [Synth 8-5816] Retiming module `polynomial3' done


---------------------------------------------------------------------------------
Finished Technology Mapping : Time (s): cpu = 00:00:26 ; elapsed = 00:00:27 . Memory (MB): peak = 2512.832 ; gain = 31.887 ; free physical = 891 ; free virtual = 23847
---------------------------------------------------------------------------------
---------------------------------------------------------------------------------
Start IO Insertion
---------------------------------------------------------------------------------
---------------------------------------------------------------------------------
Start Flattening Before IO Insertion
---------------------------------------------------------------------------------
---------------------------------------------------------------------------------
Finished Flattening Before IO Insertion
---------------------------------------------------------------------------------
---------------------------------------------------------------------------------
Start Final Netlist Cleanup
---------------------------------------------------------------------------------
---------------------------------------------------------------------------------
Finished Final Netlist Cleanup
---------------------------------------------------------------------------------
---------------------------------------------------------------------------------
Finished IO Insertion : Time (s): cpu = 00:00:30 ; elapsed = 00:00:31 . Memory (MB): peak = 2512.832 ; gain = 31.887 ; free physical = 883 ; free virtual = 23849
---------------------------------------------------------------------------------
---------------------------------------------------------------------------------
Start Renaming Generated Instances
---------------------------------------------------------------------------------
---------------------------------------------------------------------------------
Finished Renaming Generated Instances : Time (s): cpu = 00:00:30 ; elapsed = 00:00:31 . Memory (MB): peak = 2512.832 ; gain = 31.887 ; free physical = 883 ; free virtual = 23849
---------------------------------------------------------------------------------
---------------------------------------------------------------------------------
Start Rebuilding User Hierarchy
---------------------------------------------------------------------------------
---------------------------------------------------------------------------------
Finished Rebuilding User Hierarchy : Time (s): cpu = 00:00:30 ; elapsed = 00:00:31 . Memory (MB): peak = 2512.832 ; gain = 31.887 ; free physical = 882 ; free virtual = 23849
---------------------------------------------------------------------------------
---------------------------------------------------------------------------------
Start Renaming Generated Ports
---------------------------------------------------------------------------------
---------------------------------------------------------------------------------
Finished Renaming Generated Ports : Time (s): cpu = 00:00:30 ; elapsed = 00:00:31 . Memory (MB): peak = 2512.832 ; gain = 31.887 ; free physical = 882 ; free virtual = 23849
---------------------------------------------------------------------------------
---------------------------------------------------------------------------------
Start Handling Custom Attributes
---------------------------------------------------------------------------------
---------------------------------------------------------------------------------
Finished Handling Custom Attributes : Time (s): cpu = 00:00:30 ; elapsed = 00:00:31 . Memory (MB): peak = 2512.832 ; gain = 31.887 ; free physical = 882 ; free virtual = 23849
---------------------------------------------------------------------------------
---------------------------------------------------------------------------------
Start Renaming Generated Nets
---------------------------------------------------------------------------------
---------------------------------------------------------------------------------
Finished Renaming Generated Nets : Time (s): cpu = 00:00:30 ; elapsed = 00:00:31 . Memory (MB): peak = 2512.832 ; gain = 31.887 ; free physical = 882 ; free virtual = 23849
---------------------------------------------------------------------------------
---------------------------------------------------------------------------------
Start ROM, RAM, DSP, Shift Register and Retiming Reporting
---------------------------------------------------------------------------------

Static Shift Register Report:
+------------+---------------------+--------+-------+--------------+--------------------+-------------------+--------+---------+
|Module Name | RTL Name            | Length | Width | Reset Signal | Pull out first Reg | Pull out last Reg | SRL16E | SRLC32E | 
+------------+---------------------+--------+-------+--------------+--------------------+-------------------+--------+---------+
|polynomial3 | poly_reg[3][4][31]  | 3      | 32    | NO           | NO                 | YES               | 32     | 0       | 
|polynomial3 | poly_reg[8][4][31]  | 5      | 32    | NO           | NO                 | YES               | 32     | 0       | 
|polynomial3 | poly_reg[5][2][31]  | 5      | 32    | NO           | NO                 | NO                | 32     | 0       | 
|polynomial3 | poly_reg[10][3][31] | 10     | 32    | NO           | NO                 | NO                | 32     | 0       | 
+------------+---------------------+--------+-------+--------------+--------------------+-------------------+--------+---------+

---------------------------------------------------------------------------------
Finished ROM, RAM, DSP, Shift Register and Retiming Reporting
---------------------------------------------------------------------------------
---------------------------------------------------------------------------------
Start Writing Synthesis Report
---------------------------------------------------------------------------------

Report BlackBoxes: 
+-+--------------+----------+
| |BlackBox name |Instances |
+-+--------------+----------+
+-+--------------+----------+

Report Cell Usage: 
+------+--------+------+
|      |Cell    |Count |
+------+--------+------+
|1     |BUFG    |     1|
|2     |CARRY4  |    36|
|3     |DSP48E1 |     9|
|8     |LUT2    |   157|
|9     |LUT3    |    13|
|10    |SRL16E  |   128|
|11    |FDRE    |   963|
|12    |IBUF    |   164|
|13    |OBUF    |    33|
+------+--------+------+
---------------------------------------------------------------------------------
Finished Writing Synthesis Report : Time (s): cpu = 00:00:30 ; elapsed = 00:00:31 . Memory (MB): peak = 2512.832 ; gain = 31.887 ; free physical = 882 ; free virtual = 23849
---------------------------------------------------------------------------------
Synthesis finished with 0 errors, 0 critical warnings and 0 warnings.
Synthesis Optimization Runtime : Time (s): cpu = 00:00:28 ; elapsed = 00:00:29 . Memory (MB): peak = 2512.832 ; gain = 0.000 ; free physical = 944 ; free virtual = 23910
Synthesis Optimization Complete : Time (s): cpu = 00:00:30 ; elapsed = 00:00:31 . Memory (MB): peak = 2512.840 ; gain = 31.887 ; free physical = 944 ; free virtual = 23910
INFO: [Project 1-571] Translating synthesized netlist
Netlist sorting complete. Time (s): cpu = 00:00:07 ; elapsed = 00:00:00.03 . Memory (MB): peak = 2512.840 ; gain = 0.000 ; free physical = 1029 ; free virtual = 23995
INFO: [Netlist 29-17] Analyzing 45 Unisim elements for replacement
INFO: [Netlist 29-28] Unisim Transformation completed in 0 CPU seconds
WARNING: [Netlist 29-101] Netlist 'polynomial3' is not ideal for floorplanning, since the cellview 'polynomial3' contains a large number of primitives.  Please consider enabling hierarchy in synthesis if you want to do floorplanning.
INFO: [Project 1-570] Preparing netlist for logic optimization
INFO: [Opt 31-138] Pushed 0 inverter(s) to 0 load pin(s).
Netlist sorting complete. Time (s): cpu = 00:00:00 ; elapsed = 00:00:00 . Memory (MB): peak = 2512.840 ; gain = 0.000 ; free physical = 979 ; free virtual = 23935
INFO: [Project 1-111] Unisim Transformation Summary:
No Unisim elements were transformed.

Synth Design complete, checksum: 68692389
INFO: [Common 17-83] Releasing license: Synthesis
18 Infos, 1 Warnings, 0 Critical Warnings and 0 Errors encountered.
synth_design completed successfully
synth_design: Time (s): cpu = 00:00:42 ; elapsed = 00:00:37 . Memory (MB): peak = 2512.840 ; gain = 32.023 ; free physical = 1145 ; free virtual = 24108
INFO: [Common 17-1381] The checkpoint '/home/ivan-arhipych/vivado/tasks/task_3/task_3.runs/synth_1/polynomial3.dcp' has been generated.
INFO: [runtcl-4] Executing : report_utilization -file polynomial3_utilization_synth.rpt -pb polynomial3_utilization_synth.pb
INFO: [Common 17-206] Exiting Vivado at Wed Dec 22 18:07:06 2021...
